{
  "numTotalTestSuites": 357,
  "numPassedTestSuites": 340,
  "numFailedTestSuites": 17,
  "numPendingTestSuites": 0,
  "numTotalTests": 1144,
  "numPassedTests": 1119,
  "numFailedTests": 23,
  "numPendingTests": 2,
  "numTodoTests": 0,
  "snapshot": {
    "added": 0,
    "failure": false,
    "filesAdded": 0,
    "filesRemoved": 0,
    "filesRemovedList": [],
    "filesUnmatched": 0,
    "filesUpdated": 0,
    "matched": 0,
    "total": 0,
    "unchecked": 0,
    "uncheckedKeysByFile": [],
    "unmatched": 0,
    "updated": 0,
    "didUpdate": false
  },
  "startTime": 1767052866539,
  "success": false,
  "testResults": [
    {
      "assertionResults": [
        {
          "ancestorTitles": ["App"],
          "fullName": "App renders the app with router wrapped in ToastProvider",
          "status": "passed",
          "title": "renders the app with router wrapped in ToastProvider",
          "duration": 22.89104199999565,
          "failureMessages": [],
          "meta": {}
        }
      ],
      "startTime": 1767052904340,
      "endTime": 1767052904362.891,
      "status": "passed",
      "message": "",
      "name": "/Users/konstantinospilpilidis/fitvibe/tests/frontend/App.test.tsx"
    },
    {
      "assertionResults": [
        {
          "ancestorTitles": ["apiClient authentication flow"],
          "fullName": "apiClient authentication flow sends requests with cookies (no Authorization header needed)",
          "status": "passed",
          "title": "sends requests with cookies (no Authorization header needed)",
          "duration": 20.683124999999563,
          "failureMessages": [],
          "meta": {}
        },
        {
          "ancestorTitles": ["apiClient authentication flow"],
          "fullName": "apiClient authentication flow refreshes the session on the first 401",
          "status": "passed",
          "title": "refreshes the session on the first 401",
          "duration": 3.512457999997423,
          "failureMessages": [],
          "meta": {}
        },
        {
          "ancestorTitles": ["apiClient authentication flow"],
          "fullName": "apiClient authentication flow signs out when refresh fails",
          "status": "passed",
          "title": "signs out when refresh fails",
          "duration": 4.713459000002331,
          "failureMessages": [],
          "meta": {}
        },
        {
          "ancestorTitles": ["apiClient authentication flow"],
          "fullName": "apiClient authentication flow handles requests without authentication",
          "status": "passed",
          "title": "handles requests without authentication",
          "duration": 1.2063339999986056,
          "failureMessages": [],
          "meta": {}
        },
        {
          "ancestorTitles": ["apiClient authentication flow"],
          "fullName": "apiClient authentication flow queues concurrent requests during token refresh",
          "status": "passed",
          "title": "queues concurrent requests during token refresh",
          "duration": 2.3816250000018044,
          "failureMessages": [],
          "meta": {}
        }
      ],
      "startTime": 1767052893029,
      "endTime": 1767052893061.3816,
      "status": "passed",
      "message": "",
      "name": "/Users/konstantinospilpilidis/fitvibe/tests/frontend/apiClient.test.ts"
    },
    {
      "assertionResults": [
        {
          "ancestorTitles": ["Button Accessibility", "ARIA attributes"],
          "fullName": "Button Accessibility ARIA attributes should have proper role",
          "status": "passed",
          "title": "should have proper role",
          "duration": 60.19325000000026,
          "failureMessages": [],
          "meta": {}
        },
        {
          "ancestorTitles": ["Button Accessibility", "ARIA attributes"],
          "fullName": "Button Accessibility ARIA attributes should have aria-disabled when disabled",
          "status": "passed",
          "title": "should have aria-disabled when disabled",
          "duration": 6.696792000000642,
          "failureMessages": [],
          "meta": {}
        },
        {
          "ancestorTitles": ["Button Accessibility", "ARIA attributes"],
          "fullName": "Button Accessibility ARIA attributes should have aria-busy when loading",
          "status": "passed",
          "title": "should have aria-busy when loading",
          "duration": 7.1302080000004935,
          "failureMessages": [],
          "meta": {}
        },
        {
          "ancestorTitles": ["Button Accessibility", "ARIA attributes"],
          "fullName": "Button Accessibility ARIA attributes should hide loading spinner from screen readers",
          "status": "passed",
          "title": "should hide loading spinner from screen readers",
          "duration": 2.260667000000467,
          "failureMessages": [],
          "meta": {}
        },
        {
          "ancestorTitles": ["Button Accessibility", "ARIA attributes"],
          "fullName": "Button Accessibility ARIA attributes should support aria-label prop",
          "status": "passed",
          "title": "should support aria-label prop",
          "duration": 4.720792000000074,
          "failureMessages": [],
          "meta": {}
        },
        {
          "ancestorTitles": ["Button Accessibility", "ARIA attributes"],
          "fullName": "Button Accessibility ARIA attributes should support aria-describedby prop",
          "status": "passed",
          "title": "should support aria-describedby prop",
          "duration": 3.2792910000007396,
          "failureMessages": [],
          "meta": {}
        },
        {
          "ancestorTitles": ["Button Accessibility", "Keyboard navigation"],
          "fullName": "Button Accessibility Keyboard navigation should be focusable by default",
          "status": "passed",
          "title": "should be focusable by default",
          "duration": 5.351416000001336,
          "failureMessages": [],
          "meta": {}
        },
        {
          "ancestorTitles": ["Button Accessibility", "Keyboard navigation"],
          "fullName": "Button Accessibility Keyboard navigation should not be focusable when disabled",
          "status": "passed",
          "title": "should not be focusable when disabled",
          "duration": 3.9902080000010756,
          "failureMessages": [],
          "meta": {}
        },
        {
          "ancestorTitles": ["Button Accessibility", "Keyboard navigation"],
          "fullName": "Button Accessibility Keyboard navigation should trigger onClick when Enter key is pressed",
          "status": "passed",
          "title": "should trigger onClick when Enter key is pressed",
          "duration": 27.40754199999901,
          "failureMessages": [],
          "meta": {}
        },
        {
          "ancestorTitles": ["Button Accessibility", "Keyboard navigation"],
          "fullName": "Button Accessibility Keyboard navigation should trigger onClick when Space key is pressed",
          "status": "passed",
          "title": "should trigger onClick when Space key is pressed",
          "duration": 9.725916999999754,
          "failureMessages": [],
          "meta": {}
        },
        {
          "ancestorTitles": ["Button Accessibility", "Keyboard navigation"],
          "fullName": "Button Accessibility Keyboard navigation should not trigger onClick when disabled and key is pressed",
          "status": "passed",
          "title": "should not trigger onClick when disabled and key is pressed",
          "duration": 13.287083999999595,
          "failureMessages": [],
          "meta": {}
        },
        {
          "ancestorTitles": ["Button Accessibility", "Keyboard navigation"],
          "fullName": "Button Accessibility Keyboard navigation should not trigger onClick when loading and key is pressed",
          "status": "passed",
          "title": "should not trigger onClick when loading and key is pressed",
          "duration": 11.641999999999825,
          "failureMessages": [],
          "meta": {}
        },
        {
          "ancestorTitles": ["Button Accessibility", "Screen reader support"],
          "fullName": "Button Accessibility Screen reader support should announce button text content",
          "status": "passed",
          "title": "should announce button text content",
          "duration": 5.730791999998473,
          "failureMessages": [],
          "meta": {}
        },
        {
          "ancestorTitles": ["Button Accessibility", "Screen reader support"],
          "fullName": "Button Accessibility Screen reader support should announce button with icon and text",
          "status": "passed",
          "title": "should announce button with icon and text",
          "duration": 5.835583000000042,
          "failureMessages": [],
          "meta": {}
        },
        {
          "ancestorTitles": ["Button Accessibility", "Screen reader support"],
          "fullName": "Button Accessibility Screen reader support should preserve text content visibility when loading",
          "status": "passed",
          "title": "should preserve text content visibility when loading",
          "duration": 6.699833000000581,
          "failureMessages": [],
          "meta": {}
        },
        {
          "ancestorTitles": ["Button Accessibility", "Screen reader support"],
          "fullName": "Button Accessibility Screen reader support should communicate disabled state to screen readers",
          "status": "passed",
          "title": "should communicate disabled state to screen readers",
          "duration": 3.5716250000004948,
          "failureMessages": [],
          "meta": {}
        },
        {
          "ancestorTitles": ["Button Accessibility", "Visual accessibility"],
          "fullName": "Button Accessibility Visual accessibility should have visible focus indicator (outline test)",
          "status": "passed",
          "title": "should have visible focus indicator (outline test)",
          "duration": 1.239832999999635,
          "failureMessages": [],
          "meta": {}
        },
        {
          "ancestorTitles": ["Button Accessibility", "Visual accessibility"],
          "fullName": "Button Accessibility Visual accessibility should maintain minimum touch target size for small buttons",
          "status": "passed",
          "title": "should maintain minimum touch target size for small buttons",
          "duration": 0.9142090000004828,
          "failureMessages": [],
          "meta": {}
        },
        {
          "ancestorTitles": ["Button Accessibility", "Visual accessibility"],
          "fullName": "Button Accessibility Visual accessibility should have proper color contrast for all variants",
          "status": "passed",
          "title": "should have proper color contrast for all variants",
          "duration": 5.7861659999998665,
          "failureMessages": [],
          "meta": {}
        },
        {
          "ancestorTitles": ["Button Accessibility", "Visual accessibility"],
          "fullName": "Button Accessibility Visual accessibility should reduce opacity when disabled for visual feedback",
          "status": "passed",
          "title": "should reduce opacity when disabled for visual feedback",
          "duration": 1.0509170000004815,
          "failureMessages": [],
          "meta": {}
        },
        {
          "ancestorTitles": ["Button Accessibility", "Visual accessibility"],
          "fullName": "Button Accessibility Visual accessibility should change cursor to not-allowed when disabled",
          "status": "passed",
          "title": "should change cursor to not-allowed when disabled",
          "duration": 0.8610420000004524,
          "failureMessages": [],
          "meta": {}
        },
        {
          "ancestorTitles": ["Button Accessibility", "Focus management"],
          "fullName": "Button Accessibility Focus management should support ref forwarding for focus management",
          "status": "passed",
          "title": "should support ref forwarding for focus management",
          "duration": 1.3805830000001151,
          "failureMessages": [],
          "meta": {}
        },
        {
          "ancestorTitles": ["Button Accessibility", "Focus management"],
          "fullName": "Button Accessibility Focus management should allow programmatic focus",
          "status": "passed",
          "title": "should allow programmatic focus",
          "duration": 1.2191670000011072,
          "failureMessages": [],
          "meta": {}
        },
        {
          "ancestorTitles": ["Button Accessibility", "Focus management"],
          "fullName": "Button Accessibility Focus management should allow programmatic blur",
          "status": "passed",
          "title": "should allow programmatic blur",
          "duration": 1.4547500000007858,
          "failureMessages": [],
          "meta": {}
        },
        {
          "ancestorTitles": ["Button Accessibility", "Icon accessibility"],
          "fullName": "Button Accessibility Icon accessibility should keep icons decorative when button has text",
          "status": "passed",
          "title": "should keep icons decorative when button has text",
          "duration": 7.0853750000005675,
          "failureMessages": [],
          "meta": {}
        },
        {
          "ancestorTitles": ["Button Accessibility", "Icon accessibility"],
          "fullName": "Button Accessibility Icon accessibility should support icon-only buttons with aria-label",
          "status": "passed",
          "title": "should support icon-only buttons with aria-label",
          "duration": 3.2414169999992737,
          "failureMessages": [],
          "meta": {}
        },
        {
          "ancestorTitles": ["Button Accessibility", "Loading state accessibility"],
          "fullName": "Button Accessibility Loading state accessibility should maintain button dimensions when loading",
          "status": "passed",
          "title": "should maintain button dimensions when loading",
          "duration": 2.8809170000004087,
          "failureMessages": [],
          "meta": {}
        },
        {
          "ancestorTitles": ["Button Accessibility", "Loading state accessibility"],
          "fullName": "Button Accessibility Loading state accessibility should announce loading state to screen readers",
          "status": "passed",
          "title": "should announce loading state to screen readers",
          "duration": 2.5158750000009604,
          "failureMessages": [],
          "meta": {}
        },
        {
          "ancestorTitles": ["Button Accessibility", "Variant accessibility"],
          "fullName": "Button Accessibility Variant accessibility should maintain accessibility across all button variants",
          "status": "passed",
          "title": "should maintain accessibility across all button variants",
          "duration": 8.133292000000438,
          "failureMessages": [],
          "meta": {}
        }
      ],
      "startTime": 1767052879712,
      "endTime": 1767052879928.1333,
      "status": "passed",
      "message": "",
      "name": "/Users/konstantinospilpilidis/fitvibe/tests/frontend/accessibility/Button.accessibility.test.tsx"
    },
    {
      "assertionResults": [
        {
          "ancestorTitles": ["DateRangePicker Accessibility", "Semantic HTML and labels"],
          "fullName": "DateRangePicker Accessibility Semantic HTML and labels should use proper input type for date fields",
          "status": "passed",
          "title": "should use proper input type for date fields",
          "duration": 43.007792000000336,
          "failureMessages": [],
          "meta": {}
        },
        {
          "ancestorTitles": ["DateRangePicker Accessibility", "Semantic HTML and labels"],
          "fullName": "DateRangePicker Accessibility Semantic HTML and labels should have accessible labels for both date inputs",
          "status": "passed",
          "title": "should have accessible labels for both date inputs",
          "duration": 9.85174999999981,
          "failureMessages": [],
          "meta": {}
        },
        {
          "ancestorTitles": ["DateRangePicker Accessibility", "Semantic HTML and labels"],
          "fullName": "DateRangePicker Accessibility Semantic HTML and labels should properly associate labels with inputs",
          "status": "passed",
          "title": "should properly associate labels with inputs",
          "duration": 5.008292000000438,
          "failureMessages": [],
          "meta": {}
        },
        {
          "ancestorTitles": ["DateRangePicker Accessibility", "Semantic HTML and labels"],
          "fullName": "DateRangePicker Accessibility Semantic HTML and labels should have descriptive label text",
          "status": "passed",
          "title": "should have descriptive label text",
          "duration": 5.266125000000102,
          "failureMessages": [],
          "meta": {}
        },
        {
          "ancestorTitles": ["DateRangePicker Accessibility", "Keyboard navigation"],
          "fullName": "DateRangePicker Accessibility Keyboard navigation should allow Tab navigation between date inputs",
          "status": "passed",
          "title": "should allow Tab navigation between date inputs",
          "duration": 51.599457999998776,
          "failureMessages": [],
          "meta": {}
        },
        {
          "ancestorTitles": ["DateRangePicker Accessibility", "Keyboard navigation"],
          "fullName": "DateRangePicker Accessibility Keyboard navigation should allow Shift+Tab to navigate backwards",
          "status": "passed",
          "title": "should allow Shift+Tab to navigate backwards",
          "duration": 17.3726659999993,
          "failureMessages": [],
          "meta": {}
        },
        {
          "ancestorTitles": ["DateRangePicker Accessibility", "Keyboard navigation"],
          "fullName": "DateRangePicker Accessibility Keyboard navigation should be included in tab order",
          "status": "passed",
          "title": "should be included in tab order",
          "duration": 4.103749999998399,
          "failureMessages": [],
          "meta": {}
        },
        {
          "ancestorTitles": ["DateRangePicker Accessibility", "Keyboard navigation"],
          "fullName": "DateRangePicker Accessibility Keyboard navigation should allow keyboard date entry",
          "status": "passed",
          "title": "should allow keyboard date entry",
          "duration": 55.27754199999981,
          "failureMessages": [],
          "meta": {}
        },
        {
          "ancestorTitles": ["DateRangePicker Accessibility", "Screen reader support"],
          "fullName": "DateRangePicker Accessibility Screen reader support should announce date inputs with clear purpose",
          "status": "passed",
          "title": "should announce date inputs with clear purpose",
          "duration": 9.370833999999377,
          "failureMessages": [],
          "meta": {}
        },
        {
          "ancestorTitles": ["DateRangePicker Accessibility", "Screen reader support"],
          "fullName": "DateRangePicker Accessibility Screen reader support should communicate date format to screen readers",
          "status": "passed",
          "title": "should communicate date format to screen readers",
          "duration": 2.861124999999447,
          "failureMessages": [],
          "meta": {}
        },
        {
          "ancestorTitles": ["DateRangePicker Accessibility", "Screen reader support"],
          "fullName": "DateRangePicker Accessibility Screen reader support should announce current date values",
          "status": "passed",
          "title": "should announce current date values",
          "duration": 3.6383330000007845,
          "failureMessages": [],
          "meta": {}
        },
        {
          "ancestorTitles": ["DateRangePicker Accessibility", "Screen reader support"],
          "fullName": "DateRangePicker Accessibility Screen reader support should announce current date values",
          "status": "passed",
          "title": "should announce current date values",
          "duration": 2.545625000000655,
          "failureMessages": [],
          "meta": {}
        },
        {
          "ancestorTitles": ["DateRangePicker Accessibility", "Date validation and constraints"],
          "fullName": "DateRangePicker Accessibility Date validation and constraints should respect maxDate constraint",
          "status": "passed",
          "title": "should respect maxDate constraint",
          "duration": 2.283166999999594,
          "failureMessages": [],
          "meta": {}
        },
        {
          "ancestorTitles": ["DateRangePicker Accessibility", "Date validation and constraints"],
          "fullName": "DateRangePicker Accessibility Date validation and constraints should respect minDate constraint",
          "status": "passed",
          "title": "should respect minDate constraint",
          "duration": 2.9470839999994496,
          "failureMessages": [],
          "meta": {}
        },
        {
          "ancestorTitles": ["DateRangePicker Accessibility", "Date validation and constraints"],
          "fullName": "DateRangePicker Accessibility Date validation and constraints should use today as default maxDate",
          "status": "passed",
          "title": "should use today as default maxDate",
          "duration": 2.0137919999997393,
          "failureMessages": [],
          "meta": {}
        },
        {
          "ancestorTitles": ["DateRangePicker Accessibility", "Date validation and constraints"],
          "fullName": "DateRangePicker Accessibility Date validation and constraints should adjust 'to' date when 'from' is set after 'to'",
          "status": "passed",
          "title": "should adjust 'to' date when 'from' is set after 'to'",
          "duration": 3.2016249999996944,
          "failureMessages": [],
          "meta": {}
        },
        {
          "ancestorTitles": ["DateRangePicker Accessibility", "Date validation and constraints"],
          "fullName": "DateRangePicker Accessibility Date validation and constraints should adjust 'from' date when 'to' is set before 'from'",
          "status": "passed",
          "title": "should adjust 'from' date when 'to' is set before 'from'",
          "duration": 4.109707999999955,
          "failureMessages": [],
          "meta": {}
        },
        {
          "ancestorTitles": ["DateRangePicker Accessibility", "Date validation and constraints"],
          "fullName": "DateRangePicker Accessibility Date validation and constraints should allow valid date ranges",
          "status": "passed",
          "title": "should allow valid date ranges",
          "duration": 2.673166000000492,
          "failureMessages": [],
          "meta": {}
        },
        {
          "ancestorTitles": ["DateRangePicker Accessibility", "Focus management"],
          "fullName": "DateRangePicker Accessibility Focus management should show visible focus indicator on 'from' input",
          "status": "passed",
          "title": "should show visible focus indicator on 'from' input",
          "duration": 1.8629579999997077,
          "failureMessages": [],
          "meta": {}
        },
        {
          "ancestorTitles": ["DateRangePicker Accessibility", "Focus management"],
          "fullName": "DateRangePicker Accessibility Focus management should show visible focus indicator on 'to' input",
          "status": "passed",
          "title": "should show visible focus indicator on 'to' input",
          "duration": 3.3209589999987656,
          "failureMessages": [],
          "meta": {}
        },
        {
          "ancestorTitles": ["DateRangePicker Accessibility", "Focus management"],
          "fullName": "DateRangePicker Accessibility Focus management should maintain focus after date selection",
          "status": "passed",
          "title": "should maintain focus after date selection",
          "duration": 3.5211249999993015,
          "failureMessages": [],
          "meta": {}
        },
        {
          "ancestorTitles": ["DateRangePicker Accessibility", "Visual accessibility"],
          "fullName": "DateRangePicker Accessibility Visual accessibility should use semantic color variables",
          "status": "passed",
          "title": "should use semantic color variables",
          "duration": 2.018625000000611,
          "failureMessages": [],
          "meta": {}
        },
        {
          "ancestorTitles": ["DateRangePicker Accessibility", "Visual accessibility"],
          "fullName": "DateRangePicker Accessibility Visual accessibility should have sufficient color contrast for labels",
          "status": "passed",
          "title": "should have sufficient color contrast for labels",
          "duration": 1.8285419999992882,
          "failureMessages": [],
          "meta": {}
        },
        {
          "ancestorTitles": ["DateRangePicker Accessibility", "Visual accessibility"],
          "fullName": "DateRangePicker Accessibility Visual accessibility should have adequate padding for touch targets",
          "status": "passed",
          "title": "should have adequate padding for touch targets",
          "duration": 1.3703330000007554,
          "failureMessages": [],
          "meta": {}
        },
        {
          "ancestorTitles": ["DateRangePicker Accessibility", "Visual accessibility"],
          "fullName": "DateRangePicker Accessibility Visual accessibility should display inputs in a logical visual order",
          "status": "passed",
          "title": "should display inputs in a logical visual order",
          "duration": 3.4752499999995052,
          "failureMessages": [],
          "meta": {}
        },
        {
          "ancestorTitles": ["DateRangePicker Accessibility", "Responsive behavior"],
          "fullName": "DateRangePicker Accessibility Responsive behavior should allow flex wrapping for narrow viewports",
          "status": "passed",
          "title": "should allow flex wrapping for narrow viewports",
          "duration": 2.113792000000103,
          "failureMessages": [],
          "meta": {}
        },
        {
          "ancestorTitles": ["DateRangePicker Accessibility", "Responsive behavior"],
          "fullName": "DateRangePicker Accessibility Responsive behavior should maintain spacing between inputs",
          "status": "passed",
          "title": "should maintain spacing between inputs",
          "duration": 1.361417000000074,
          "failureMessages": [],
          "meta": {}
        },
        {
          "ancestorTitles": ["DateRangePicker Accessibility", "Native date picker accessibility"],
          "fullName": "DateRangePicker Accessibility Native date picker accessibility should leverage browser's native date picker UI",
          "status": "passed",
          "title": "should leverage browser's native date picker UI",
          "duration": 1.623833999999988,
          "failureMessages": [],
          "meta": {}
        },
        {
          "ancestorTitles": ["DateRangePicker Accessibility", "Native date picker accessibility"],
          "fullName": "DateRangePicker Accessibility Native date picker accessibility should support browser keyboard shortcuts for date selection",
          "status": "passed",
          "title": "should support browser keyboard shortcuts for date selection",
          "duration": 2.0578329999989364,
          "failureMessages": [],
          "meta": {}
        },
        {
          "ancestorTitles": ["DateRangePicker Accessibility", "Native date picker accessibility"],
          "fullName": "DateRangePicker Accessibility Native date picker accessibility should support mouse interaction with native date picker",
          "status": "passed",
          "title": "should support mouse interaction with native date picker",
          "duration": 13.07329099999879,
          "failureMessages": [],
          "meta": {}
        },
        {
          "ancestorTitles": ["DateRangePicker Accessibility", "Date range relationship"],
          "fullName": "DateRangePicker Accessibility Date range relationship should communicate relationship between from and to dates",
          "status": "passed",
          "title": "should communicate relationship between from and to dates",
          "duration": 2.727791999999681,
          "failureMessages": [],
          "meta": {}
        },
        {
          "ancestorTitles": ["DateRangePicker Accessibility", "Date range relationship"],
          "fullName": "DateRangePicker Accessibility Date range relationship should prevent invalid date ranges through auto-correction",
          "status": "passed",
          "title": "should prevent invalid date ranges through auto-correction",
          "duration": 2.6053329999995185,
          "failureMessages": [],
          "meta": {}
        },
        {
          "ancestorTitles": ["DateRangePicker Accessibility", "Date range relationship"],
          "fullName": "DateRangePicker Accessibility Date range relationship should maintain valid state when updating to date",
          "status": "passed",
          "title": "should maintain valid state when updating to date",
          "duration": 3.0367499999993015,
          "failureMessages": [],
          "meta": {}
        },
        {
          "ancestorTitles": ["DateRangePicker Accessibility", "Error prevention"],
          "fullName": "DateRangePicker Accessibility Error prevention should not allow future dates beyond maxDate",
          "status": "passed",
          "title": "should not allow future dates beyond maxDate",
          "duration": 2.1384170000001177,
          "failureMessages": [],
          "meta": {}
        },
        {
          "ancestorTitles": ["DateRangePicker Accessibility", "Error prevention"],
          "fullName": "DateRangePicker Accessibility Error prevention should not allow past dates before minDate",
          "status": "passed",
          "title": "should not allow past dates before minDate",
          "duration": 1.8369160000002012,
          "failureMessages": [],
          "meta": {}
        },
        {
          "ancestorTitles": ["DateRangePicker Accessibility", "Error prevention"],
          "fullName": "DateRangePicker Accessibility Error prevention should handle empty date values gracefully",
          "status": "passed",
          "title": "should handle empty date values gracefully",
          "duration": 2.150416000000405,
          "failureMessages": [],
          "meta": {}
        },
        {
          "ancestorTitles": ["DateRangePicker Accessibility", "Reduced motion"],
          "fullName": "DateRangePicker Accessibility Reduced motion should respect prefers-reduced-motion preferences",
          "status": "passed",
          "title": "should respect prefers-reduced-motion preferences",
          "duration": 1.5770830000001297,
          "failureMessages": [],
          "meta": {}
        }
      ],
      "startTime": 1767052874483,
      "endTime": 1767052874765.5771,
      "status": "passed",
      "message": "",
      "name": "/Users/konstantinospilpilidis/fitvibe/tests/frontend/accessibility/DateRangePicker.accessibility.test.tsx"
    },
    {
      "assertionResults": [
        {
          "ancestorTitles": ["LanguageSwitcher Accessibility", "ARIA attributes"],
          "fullName": "LanguageSwitcher Accessibility ARIA attributes should have proper button role",
          "status": "passed",
          "title": "should have proper button role",
          "duration": 64.58720900000026,
          "failureMessages": [],
          "meta": {}
        },
        {
          "ancestorTitles": ["LanguageSwitcher Accessibility", "ARIA attributes"],
          "fullName": "LanguageSwitcher Accessibility ARIA attributes should have descriptive aria-label",
          "status": "passed",
          "title": "should have descriptive aria-label",
          "duration": 9.34295900000052,
          "failureMessages": [],
          "meta": {}
        },
        {
          "ancestorTitles": ["LanguageSwitcher Accessibility", "ARIA attributes"],
          "fullName": "LanguageSwitcher Accessibility ARIA attributes should have aria-expanded=false when closed",
          "status": "passed",
          "title": "should have aria-expanded=false when closed",
          "duration": 6.856374999999389,
          "failureMessages": [],
          "meta": {}
        },
        {
          "ancestorTitles": ["LanguageSwitcher Accessibility", "ARIA attributes"],
          "fullName": "LanguageSwitcher Accessibility ARIA attributes should have aria-expanded=true when open",
          "status": "passed",
          "title": "should have aria-expanded=true when open",
          "duration": 19.393458999999893,
          "failureMessages": [],
          "meta": {}
        },
        {
          "ancestorTitles": ["LanguageSwitcher Accessibility", "ARIA attributes"],
          "fullName": "LanguageSwitcher Accessibility ARIA attributes should have type='button' to prevent form submission",
          "status": "passed",
          "title": "should have type='button' to prevent form submission",
          "duration": 5.59637500000008,
          "failureMessages": [],
          "meta": {}
        },
        {
          "ancestorTitles": ["LanguageSwitcher Accessibility", "ARIA attributes"],
          "fullName": "LanguageSwitcher Accessibility ARIA attributes should use role='menu' for dropdown",
          "status": "passed",
          "title": "should use role='menu' for dropdown",
          "duration": 14.115874999999505,
          "failureMessages": [],
          "meta": {}
        },
        {
          "ancestorTitles": ["LanguageSwitcher Accessibility", "ARIA attributes"],
          "fullName": "LanguageSwitcher Accessibility ARIA attributes should use role='menuitemradio' for language options",
          "status": "passed",
          "title": "should use role='menuitemradio' for language options",
          "duration": 15.342249999999694,
          "failureMessages": [],
          "meta": {}
        },
        {
          "ancestorTitles": ["LanguageSwitcher Accessibility", "ARIA attributes"],
          "fullName": "LanguageSwitcher Accessibility ARIA attributes should have aria-checked=true for current language",
          "status": "passed",
          "title": "should have aria-checked=true for current language",
          "duration": 18.56170799999927,
          "failureMessages": [],
          "meta": {}
        },
        {
          "ancestorTitles": ["LanguageSwitcher Accessibility", "ARIA attributes"],
          "fullName": "LanguageSwitcher Accessibility ARIA attributes should have aria-checked=false for non-selected languages",
          "status": "passed",
          "title": "should have aria-checked=false for non-selected languages",
          "duration": 15.116083999999319,
          "failureMessages": [],
          "meta": {}
        },
        {
          "ancestorTitles": ["LanguageSwitcher Accessibility", "ARIA attributes"],
          "fullName": "LanguageSwitcher Accessibility ARIA attributes should update aria-checked when language changes",
          "status": "passed",
          "title": "should update aria-checked when language changes",
          "duration": 28.640667000000576,
          "failureMessages": [],
          "meta": {}
        },
        {
          "ancestorTitles": ["LanguageSwitcher Accessibility", "Keyboard navigation"],
          "fullName": "LanguageSwitcher Accessibility Keyboard navigation should be focusable with Tab key",
          "status": "passed",
          "title": "should be focusable with Tab key",
          "duration": 4.54320800000005,
          "failureMessages": [],
          "meta": {}
        },
        {
          "ancestorTitles": ["LanguageSwitcher Accessibility", "Keyboard navigation"],
          "fullName": "LanguageSwitcher Accessibility Keyboard navigation should open dropdown when Enter is pressed",
          "status": "passed",
          "title": "should open dropdown when Enter is pressed",
          "duration": 18.393750000000182,
          "failureMessages": [],
          "meta": {}
        },
        {
          "ancestorTitles": ["LanguageSwitcher Accessibility", "Keyboard navigation"],
          "fullName": "LanguageSwitcher Accessibility Keyboard navigation should open dropdown when Space is pressed",
          "status": "passed",
          "title": "should open dropdown when Space is pressed",
          "duration": 12.572291999999834,
          "failureMessages": [],
          "meta": {}
        },
        {
          "ancestorTitles": ["LanguageSwitcher Accessibility", "Keyboard navigation"],
          "fullName": "LanguageSwitcher Accessibility Keyboard navigation should allow selecting language with Enter key",
          "status": "passed",
          "title": "should allow selecting language with Enter key",
          "duration": 19.201124999999593,
          "failureMessages": [],
          "meta": {}
        },
        {
          "ancestorTitles": ["LanguageSwitcher Accessibility", "Keyboard navigation"],
          "fullName": "LanguageSwitcher Accessibility Keyboard navigation should allow selecting language with Space key",
          "status": "passed",
          "title": "should allow selecting language with Space key",
          "duration": 22.682209000000512,
          "failureMessages": [],
          "meta": {}
        },
        {
          "ancestorTitles": ["LanguageSwitcher Accessibility", "Keyboard navigation"],
          "fullName": "LanguageSwitcher Accessibility Keyboard navigation should close dropdown after selection",
          "status": "passed",
          "title": "should close dropdown after selection",
          "duration": 14.629417000000103,
          "failureMessages": [],
          "meta": {}
        },
        {
          "ancestorTitles": ["LanguageSwitcher Accessibility", "Screen reader support"],
          "fullName": "LanguageSwitcher Accessibility Screen reader support should announce button purpose to screen readers",
          "status": "passed",
          "title": "should announce button purpose to screen readers",
          "duration": 3.4703749999998763,
          "failureMessages": [],
          "meta": {}
        },
        {
          "ancestorTitles": ["LanguageSwitcher Accessibility", "Screen reader support"],
          "fullName": "LanguageSwitcher Accessibility Screen reader support should announce menu label to screen readers",
          "status": "passed",
          "title": "should announce menu label to screen readers",
          "duration": 8.001374999999825,
          "failureMessages": [],
          "meta": {}
        },
        {
          "ancestorTitles": ["LanguageSwitcher Accessibility", "Screen reader support"],
          "fullName": "LanguageSwitcher Accessibility Screen reader support should announce language options with text labels",
          "status": "passed",
          "title": "should announce language options with text labels",
          "duration": 15.350625000000036,
          "failureMessages": [],
          "meta": {}
        },
        {
          "ancestorTitles": ["LanguageSwitcher Accessibility", "Screen reader support"],
          "fullName": "LanguageSwitcher Accessibility Screen reader support should communicate selection state to screen readers via aria-checked",
          "status": "passed",
          "title": "should communicate selection state to screen readers via aria-checked",
          "duration": 9.652624999999716,
          "failureMessages": [],
          "meta": {}
        },
        {
          "ancestorTitles": ["LanguageSwitcher Accessibility", "Screen reader support"],
          "fullName": "LanguageSwitcher Accessibility Screen reader support should mark flag icons as decorative with aria-hidden",
          "status": "passed",
          "title": "should mark flag icons as decorative with aria-hidden",
          "duration": 6.338999999999942,
          "failureMessages": [],
          "meta": {}
        },
        {
          "ancestorTitles": ["LanguageSwitcher Accessibility", "Screen reader support"],
          "fullName": "LanguageSwitcher Accessibility Screen reader support should update screen reader announcements when language changes",
          "status": "passed",
          "title": "should update screen reader announcements when language changes",
          "duration": 12.787333000000217,
          "failureMessages": [],
          "meta": {}
        },
        {
          "ancestorTitles": ["LanguageSwitcher Accessibility", "Focus management"],
          "fullName": "LanguageSwitcher Accessibility Focus management should be included in tab order",
          "status": "passed",
          "title": "should be included in tab order",
          "duration": 2.763249999999971,
          "failureMessages": [],
          "meta": {}
        },
        {
          "ancestorTitles": ["LanguageSwitcher Accessibility", "Focus management"],
          "fullName": "LanguageSwitcher Accessibility Focus management should receive focus on click",
          "status": "passed",
          "title": "should receive focus on click",
          "duration": 18.972791000000143,
          "failureMessages": [],
          "meta": {}
        },
        {
          "ancestorTitles": ["LanguageSwitcher Accessibility", "Focus management"],
          "fullName": "LanguageSwitcher Accessibility Focus management should maintain focus on button after closing dropdown",
          "status": "passed",
          "title": "should maintain focus on button after closing dropdown",
          "duration": 14.144457999999759,
          "failureMessages": [],
          "meta": {}
        },
        {
          "ancestorTitles": ["LanguageSwitcher Accessibility", "Interactive states"],
          "fullName": "LanguageSwitcher Accessibility Interactive states should show hover state on menu items",
          "status": "passed",
          "title": "should show hover state on menu items",
          "duration": 21.495582999999897,
          "failureMessages": [],
          "meta": {}
        },
        {
          "ancestorTitles": ["LanguageSwitcher Accessibility", "Interactive states"],
          "fullName": "LanguageSwitcher Accessibility Interactive states should visually distinguish selected language",
          "status": "passed",
          "title": "should visually distinguish selected language",
          "duration": 15.106958999999733,
          "failureMessages": [],
          "meta": {}
        },
        {
          "ancestorTitles": ["LanguageSwitcher Accessibility", "Visual accessibility"],
          "fullName": "LanguageSwitcher Accessibility Visual accessibility should display flag icons for visual identification",
          "status": "passed",
          "title": "should display flag icons for visual identification",
          "duration": 7.616457999999511,
          "failureMessages": [],
          "meta": {}
        },
        {
          "ancestorTitles": ["LanguageSwitcher Accessibility", "Visual accessibility"],
          "fullName": "LanguageSwitcher Accessibility Visual accessibility should use semantic color variables for theming",
          "status": "passed",
          "title": "should use semantic color variables for theming",
          "duration": 2.1552920000003724,
          "failureMessages": [],
          "meta": {}
        },
        {
          "ancestorTitles": ["LanguageSwitcher Accessibility", "Visual accessibility"],
          "fullName": "LanguageSwitcher Accessibility Visual accessibility should have visible focus indicator",
          "status": "passed",
          "title": "should have visible focus indicator",
          "duration": 1.6492920000000595,
          "failureMessages": [],
          "meta": {}
        },
        {
          "ancestorTitles": ["LanguageSwitcher Accessibility", "Visual accessibility"],
          "fullName": "LanguageSwitcher Accessibility Visual accessibility should have minimum touch target size",
          "status": "passed",
          "title": "should have minimum touch target size",
          "duration": 1.16412500000024,
          "failureMessages": [],
          "meta": {}
        },
        {
          "ancestorTitles": ["LanguageSwitcher Accessibility", "Dropdown behavior"],
          "fullName": "LanguageSwitcher Accessibility Dropdown behavior should close dropdown when clicking outside",
          "status": "passed",
          "title": "should close dropdown when clicking outside",
          "duration": 11.280625000000327,
          "failureMessages": [],
          "meta": {}
        },
        {
          "ancestorTitles": ["LanguageSwitcher Accessibility", "Dropdown behavior"],
          "fullName": "LanguageSwitcher Accessibility Dropdown behavior should not close dropdown when clicking inside",
          "status": "passed",
          "title": "should not close dropdown when clicking inside",
          "duration": 9.527667000000292,
          "failureMessages": [],
          "meta": {}
        },
        {
          "ancestorTitles": ["LanguageSwitcher Accessibility", "Dropdown behavior"],
          "fullName": "LanguageSwitcher Accessibility Dropdown behavior should toggle dropdown on button click",
          "status": "passed",
          "title": "should toggle dropdown on button click",
          "duration": 9.97729100000015,
          "failureMessages": [],
          "meta": {}
        },
        {
          "ancestorTitles": ["LanguageSwitcher Accessibility", "Language switching"],
          "fullName": "LanguageSwitcher Accessibility Language switching should change language when option is selected",
          "status": "passed",
          "title": "should change language when option is selected",
          "duration": 12.826000000000022,
          "failureMessages": [],
          "meta": {}
        },
        {
          "ancestorTitles": ["LanguageSwitcher Accessibility", "Language switching"],
          "fullName": "LanguageSwitcher Accessibility Language switching should update UI text when language changes",
          "status": "passed",
          "title": "should update UI text when language changes",
          "duration": 28.74329100000068,
          "failureMessages": [],
          "meta": {}
        },
        {
          "ancestorTitles": ["LanguageSwitcher Accessibility", "Language switching"],
          "fullName": "LanguageSwitcher Accessibility Language switching should preserve aria-checked state after language switch",
          "status": "passed",
          "title": "should preserve aria-checked state after language switch",
          "duration": 25.326875000000655,
          "failureMessages": [],
          "meta": {}
        },
        {
          "ancestorTitles": ["LanguageSwitcher Accessibility", "Reduced motion"],
          "fullName": "LanguageSwitcher Accessibility Reduced motion should respect prefers-reduced-motion for transitions",
          "status": "passed",
          "title": "should respect prefers-reduced-motion for transitions",
          "duration": 1.5274170000002414,
          "failureMessages": [],
          "meta": {}
        }
      ],
      "startTime": 1767052873352,
      "endTime": 1767052873882.5273,
      "status": "passed",
      "message": "",
      "name": "/Users/konstantinospilpilidis/fitvibe/tests/frontend/accessibility/LanguageSwitcher.accessibility.test.tsx"
    },
    {
      "assertionResults": [
        {
          "ancestorTitles": ["PageIntro Accessibility", "Semantic HTML structure"],
          "fullName": "PageIntro Accessibility Semantic HTML structure should use semantic section element",
          "status": "passed",
          "title": "should use semantic section element",
          "duration": 52.00475000000006,
          "failureMessages": [],
          "meta": {}
        },
        {
          "ancestorTitles": ["PageIntro Accessibility", "Semantic HTML structure"],
          "fullName": "PageIntro Accessibility Semantic HTML structure should use article element for content",
          "status": "passed",
          "title": "should use article element for content",
          "duration": 7.837250000000495,
          "failureMessages": [],
          "meta": {}
        },
        {
          "ancestorTitles": ["PageIntro Accessibility", "Semantic HTML structure"],
          "fullName": "PageIntro Accessibility Semantic HTML structure should render eyebrow text",
          "status": "passed",
          "title": "should render eyebrow text",
          "duration": 5.582957999999962,
          "failureMessages": [],
          "meta": {}
        },
        {
          "ancestorTitles": ["PageIntro Accessibility", "Semantic HTML structure"],
          "fullName": "PageIntro Accessibility Semantic HTML structure should render title text",
          "status": "passed",
          "title": "should render title text",
          "duration": 5.432332999999744,
          "failureMessages": [],
          "meta": {}
        },
        {
          "ancestorTitles": ["PageIntro Accessibility", "Semantic HTML structure"],
          "fullName": "PageIntro Accessibility Semantic HTML structure should render description text",
          "status": "passed",
          "title": "should render description text",
          "duration": 4.670624999999745,
          "failureMessages": [],
          "meta": {}
        },
        {
          "ancestorTitles": ["PageIntro Accessibility", "Semantic HTML structure"],
          "fullName": "PageIntro Accessibility Semantic HTML structure should render children when provided",
          "status": "passed",
          "title": "should render children when provided",
          "duration": 6.294083000000683,
          "failureMessages": [],
          "meta": {}
        },
        {
          "ancestorTitles": ["PageIntro Accessibility", "Semantic HTML structure"],
          "fullName": "PageIntro Accessibility Semantic HTML structure should not render CardContent when no children provided",
          "status": "passed",
          "title": "should not render CardContent when no children provided",
          "duration": 6.413666000000376,
          "failureMessages": [],
          "meta": {}
        },
        {
          "ancestorTitles": ["PageIntro Accessibility", "Heading hierarchy"],
          "fullName": "PageIntro Accessibility Heading hierarchy should have proper heading element for title",
          "status": "passed",
          "title": "should have proper heading element for title",
          "duration": 4.414499999999862,
          "failureMessages": [],
          "meta": {}
        },
        {
          "ancestorTitles": ["PageIntro Accessibility", "Heading hierarchy"],
          "fullName": "PageIntro Accessibility Heading hierarchy should display title prominently",
          "status": "passed",
          "title": "should display title prominently",
          "duration": 4.501833000000261,
          "failureMessages": [],
          "meta": {}
        },
        {
          "ancestorTitles": ["PageIntro Accessibility", "Heading hierarchy"],
          "fullName": "PageIntro Accessibility Heading hierarchy should maintain logical reading order",
          "status": "passed",
          "title": "should maintain logical reading order",
          "duration": 3.9833749999997963,
          "failureMessages": [],
          "meta": {}
        },
        {
          "ancestorTitles": ["PageIntro Accessibility", "Screen reader support"],
          "fullName": "PageIntro Accessibility Screen reader support should announce eyebrow text",
          "status": "passed",
          "title": "should announce eyebrow text",
          "duration": 28.91070800000034,
          "failureMessages": [],
          "meta": {}
        },
        {
          "ancestorTitles": ["PageIntro Accessibility", "Screen reader support"],
          "fullName": "PageIntro Accessibility Screen reader support should announce title prominently",
          "status": "passed",
          "title": "should announce title prominently",
          "duration": 9.286167000000205,
          "failureMessages": [],
          "meta": {}
        },
        {
          "ancestorTitles": ["PageIntro Accessibility", "Screen reader support"],
          "fullName": "PageIntro Accessibility Screen reader support should announce description text",
          "status": "passed",
          "title": "should announce description text",
          "duration": 7.55712499999936,
          "failureMessages": [],
          "meta": {}
        },
        {
          "ancestorTitles": ["PageIntro Accessibility", "Screen reader support"],
          "fullName": "PageIntro Accessibility Screen reader support should use article role for semantic grouping",
          "status": "passed",
          "title": "should use article role for semantic grouping",
          "duration": 2.987082999999984,
          "failureMessages": [],
          "meta": {}
        },
        {
          "ancestorTitles": ["PageIntro Accessibility", "Screen reader support"],
          "fullName": "PageIntro Accessibility Screen reader support should maintain text content in natural reading flow",
          "status": "passed",
          "title": "should maintain text content in natural reading flow",
          "duration": 3.1934999999994034,
          "failureMessages": [],
          "meta": {}
        },
        {
          "ancestorTitles": ["PageIntro Accessibility", "Screen reader support"],
          "fullName": "PageIntro Accessibility Screen reader support should announce child content when present",
          "status": "passed",
          "title": "should announce child content when present",
          "duration": 7.477708000000348,
          "failureMessages": [],
          "meta": {}
        },
        {
          "ancestorTitles": ["PageIntro Accessibility", "Visual accessibility"],
          "fullName": "PageIntro Accessibility Visual accessibility should use semantic color variables for eyebrow",
          "status": "passed",
          "title": "should use semantic color variables for eyebrow",
          "duration": 2.9151249999995343,
          "failureMessages": [],
          "meta": {}
        },
        {
          "ancestorTitles": ["PageIntro Accessibility", "Visual accessibility"],
          "fullName": "PageIntro Accessibility Visual accessibility should use semantic color variable for accent line",
          "status": "passed",
          "title": "should use semantic color variable for accent line",
          "duration": 3.285667000000103,
          "failureMessages": [],
          "meta": {}
        },
        {
          "ancestorTitles": ["PageIntro Accessibility", "Visual accessibility"],
          "fullName": "PageIntro Accessibility Visual accessibility should have sufficient color contrast for text",
          "status": "passed",
          "title": "should have sufficient color contrast for text",
          "duration": 7.229624999999942,
          "failureMessages": [],
          "meta": {}
        },
        {
          "ancestorTitles": ["PageIntro Accessibility", "Visual accessibility"],
          "fullName": "PageIntro Accessibility Visual accessibility should have proper visual hierarchy through font sizes",
          "status": "passed",
          "title": "should have proper visual hierarchy through font sizes",
          "duration": 4.186083999999937,
          "failureMessages": [],
          "meta": {}
        },
        {
          "ancestorTitles": ["PageIntro Accessibility", "Visual accessibility"],
          "fullName": "PageIntro Accessibility Visual accessibility should have adequate line height for readability",
          "status": "passed",
          "title": "should have adequate line height for readability",
          "duration": 2.8971250000004147,
          "failureMessages": [],
          "meta": {}
        },
        {
          "ancestorTitles": ["PageIntro Accessibility", "Visual accessibility"],
          "fullName": "PageIntro Accessibility Visual accessibility should use proper letter spacing for readability",
          "status": "passed",
          "title": "should use proper letter spacing for readability",
          "duration": 2.9712500000005093,
          "failureMessages": [],
          "meta": {}
        },
        {
          "ancestorTitles": ["PageIntro Accessibility", "Visual accessibility"],
          "fullName": "PageIntro Accessibility Visual accessibility should have visual accent indicator",
          "status": "passed",
          "title": "should have visual accent indicator",
          "duration": 3.30658399999993,
          "failureMessages": [],
          "meta": {}
        },
        {
          "ancestorTitles": ["PageIntro Accessibility", "Responsive design"],
          "fullName": "PageIntro Accessibility Responsive design should use responsive font sizing with clamp for title",
          "status": "passed",
          "title": "should use responsive font sizing with clamp for title",
          "duration": 2.55383300000085,
          "failureMessages": [],
          "meta": {}
        },
        {
          "ancestorTitles": ["PageIntro Accessibility", "Responsive design"],
          "fullName": "PageIntro Accessibility Responsive design should use responsive padding with clamp",
          "status": "passed",
          "title": "should use responsive padding with clamp",
          "duration": 2.3938749999997526,
          "failureMessages": [],
          "meta": {}
        },
        {
          "ancestorTitles": ["PageIntro Accessibility", "Responsive design"],
          "fullName": "PageIntro Accessibility Responsive design should have maximum width constraint for readability",
          "status": "passed",
          "title": "should have maximum width constraint for readability",
          "duration": 3.960957999999664,
          "failureMessages": [],
          "meta": {}
        },
        {
          "ancestorTitles": ["PageIntro Accessibility", "Responsive design"],
          "fullName": "PageIntro Accessibility Responsive design should center content horizontally",
          "status": "passed",
          "title": "should center content horizontally",
          "duration": 15.377124999999978,
          "failureMessages": [],
          "meta": {}
        },
        {
          "ancestorTitles": ["PageIntro Accessibility", "Responsive design"],
          "fullName": "PageIntro Accessibility Responsive design should adapt to different viewport sizes",
          "status": "passed",
          "title": "should adapt to different viewport sizes",
          "duration": 14.113166999999521,
          "failureMessages": [],
          "meta": {}
        },
        {
          "ancestorTitles": ["PageIntro Accessibility", "Content structure"],
          "fullName": "PageIntro Accessibility Content structure should group related content in header",
          "status": "passed",
          "title": "should group related content in header",
          "duration": 7.8810829999993075,
          "failureMessages": [],
          "meta": {}
        },
        {
          "ancestorTitles": ["PageIntro Accessibility", "Content structure"],
          "fullName": "PageIntro Accessibility Content structure should separate additional content in CardContent",
          "status": "passed",
          "title": "should separate additional content in CardContent",
          "duration": 5.018458000000464,
          "failureMessages": [],
          "meta": {}
        },
        {
          "ancestorTitles": ["PageIntro Accessibility", "Content structure"],
          "fullName": "PageIntro Accessibility Content structure should have proper spacing between sections",
          "status": "passed",
          "title": "should have proper spacing between sections",
          "duration": 3.480916000000434,
          "failureMessages": [],
          "meta": {}
        },
        {
          "ancestorTitles": ["PageIntro Accessibility", "Content structure"],
          "fullName": "PageIntro Accessibility Content structure should have proper spacing for child content",
          "status": "passed",
          "title": "should have proper spacing for child content",
          "duration": 3.206583000000137,
          "failureMessages": [],
          "meta": {}
        },
        {
          "ancestorTitles": ["PageIntro Accessibility", "Text content flexibility"],
          "fullName": "PageIntro Accessibility Text content flexibility should handle long titles gracefully",
          "status": "passed",
          "title": "should handle long titles gracefully",
          "duration": 3.1835420000006707,
          "failureMessages": [],
          "meta": {}
        },
        {
          "ancestorTitles": ["PageIntro Accessibility", "Text content flexibility"],
          "fullName": "PageIntro Accessibility Text content flexibility should handle long descriptions gracefully",
          "status": "passed",
          "title": "should handle long descriptions gracefully",
          "duration": 2.37433400000009,
          "failureMessages": [],
          "meta": {}
        },
        {
          "ancestorTitles": ["PageIntro Accessibility", "Text content flexibility"],
          "fullName": "PageIntro Accessibility Text content flexibility should handle short content appropriately",
          "status": "passed",
          "title": "should handle short content appropriately",
          "duration": 2.245249999999942,
          "failureMessages": [],
          "meta": {}
        },
        {
          "ancestorTitles": ["PageIntro Accessibility", "Text content flexibility"],
          "fullName": "PageIntro Accessibility Text content flexibility should handle special characters in content",
          "status": "passed",
          "title": "should handle special characters in content",
          "duration": 14.63604099999975,
          "failureMessages": [],
          "meta": {}
        },
        {
          "ancestorTitles": ["PageIntro Accessibility", "Layout and spacing"],
          "fullName": "PageIntro Accessibility Layout and spacing should have adequate padding for content",
          "status": "passed",
          "title": "should have adequate padding for content",
          "duration": 3.7354999999997744,
          "failureMessages": [],
          "meta": {}
        },
        {
          "ancestorTitles": ["PageIntro Accessibility", "Layout and spacing"],
          "fullName": "PageIntro Accessibility Layout and spacing should align content vertically and horizontally",
          "status": "passed",
          "title": "should align content vertically and horizontally",
          "duration": 3.2533330000005662,
          "failureMessages": [],
          "meta": {}
        },
        {
          "ancestorTitles": ["PageIntro Accessibility", "Layout and spacing"],
          "fullName": "PageIntro Accessibility Layout and spacing should have eyebrow visual alignment",
          "status": "passed",
          "title": "should have eyebrow visual alignment",
          "duration": 3.8918750000002547,
          "failureMessages": [],
          "meta": {}
        },
        {
          "ancestorTitles": ["PageIntro Accessibility", "Decorative elements"],
          "fullName": "PageIntro Accessibility Decorative elements should include visual accent line for eyebrow",
          "status": "passed",
          "title": "should include visual accent line for eyebrow",
          "duration": 4.061083000000508,
          "failureMessages": [],
          "meta": {}
        },
        {
          "ancestorTitles": ["PageIntro Accessibility", "Decorative elements"],
          "fullName": "PageIntro Accessibility Decorative elements should use accent color for visual line",
          "status": "passed",
          "title": "should use accent color for visual line",
          "duration": 6.4875419999998485,
          "failureMessages": [],
          "meta": {}
        },
        {
          "ancestorTitles": ["PageIntro Accessibility", "Typography"],
          "fullName": "PageIntro Accessibility Typography should use uppercase for eyebrow text",
          "status": "passed",
          "title": "should use uppercase for eyebrow text",
          "duration": 8.993750000000546,
          "failureMessages": [],
          "meta": {}
        },
        {
          "ancestorTitles": ["PageIntro Accessibility", "Typography"],
          "fullName": "PageIntro Accessibility Typography should use appropriate font weights",
          "status": "passed",
          "title": "should use appropriate font weights",
          "duration": 6.890332999999373,
          "failureMessages": [],
          "meta": {}
        },
        {
          "ancestorTitles": ["PageIntro Accessibility", "Typography"],
          "fullName": "PageIntro Accessibility Typography should use semantic color for secondary text",
          "status": "passed",
          "title": "should use semantic color for secondary text",
          "duration": 2.864958000000115,
          "failureMessages": [],
          "meta": {}
        }
      ],
      "startTime": 1767052870443,
      "endTime": 1767052870753.865,
      "status": "passed",
      "message": "",
      "name": "/Users/konstantinospilpilidis/fitvibe/tests/frontend/accessibility/PageIntro.accessibility.test.tsx"
    },
    {
      "assertionResults": [
        {
          "ancestorTitles": ["ThemeToggle Accessibility", "ARIA attributes"],
          "fullName": "ThemeToggle Accessibility ARIA attributes should have proper button role",
          "status": "passed",
          "title": "should have proper button role",
          "duration": 57.67387499999859,
          "failureMessages": [],
          "meta": {}
        },
        {
          "ancestorTitles": ["ThemeToggle Accessibility", "ARIA attributes"],
          "fullName": "ThemeToggle Accessibility ARIA attributes should have descriptive aria-label for dark theme",
          "status": "passed",
          "title": "should have descriptive aria-label for dark theme",
          "duration": 8.044499999999971,
          "failureMessages": [],
          "meta": {}
        },
        {
          "ancestorTitles": ["ThemeToggle Accessibility", "ARIA attributes"],
          "fullName": "ThemeToggle Accessibility ARIA attributes should have descriptive aria-label for light theme",
          "status": "passed",
          "title": "should have descriptive aria-label for light theme",
          "duration": 5.180166000000099,
          "failureMessages": [],
          "meta": {}
        },
        {
          "ancestorTitles": ["ThemeToggle Accessibility", "ARIA attributes"],
          "fullName": "ThemeToggle Accessibility ARIA attributes should update aria-label when theme changes",
          "status": "passed",
          "title": "should update aria-label when theme changes",
          "duration": 10.789166000000478,
          "failureMessages": [],
          "meta": {}
        },
        {
          "ancestorTitles": ["ThemeToggle Accessibility", "ARIA attributes"],
          "fullName": "ThemeToggle Accessibility ARIA attributes should have matching title attribute for tooltip",
          "status": "passed",
          "title": "should have matching title attribute for tooltip",
          "duration": 6.0567080000000715,
          "failureMessages": [],
          "meta": {}
        },
        {
          "ancestorTitles": ["ThemeToggle Accessibility", "ARIA attributes"],
          "fullName": "ThemeToggle Accessibility ARIA attributes should have type='button' to prevent form submission",
          "status": "passed",
          "title": "should have type='button' to prevent form submission",
          "duration": 5.311374999999316,
          "failureMessages": [],
          "meta": {}
        },
        {
          "ancestorTitles": ["ThemeToggle Accessibility", "Keyboard navigation"],
          "fullName": "ThemeToggle Accessibility Keyboard navigation should be focusable with Tab key",
          "status": "passed",
          "title": "should be focusable with Tab key",
          "duration": 7.264083000000028,
          "failureMessages": [],
          "meta": {}
        },
        {
          "ancestorTitles": ["ThemeToggle Accessibility", "Keyboard navigation"],
          "fullName": "ThemeToggle Accessibility Keyboard navigation should toggle theme when Enter is pressed",
          "status": "passed",
          "title": "should toggle theme when Enter is pressed",
          "duration": 17.092541999998502,
          "failureMessages": [],
          "meta": {}
        },
        {
          "ancestorTitles": ["ThemeToggle Accessibility", "Keyboard navigation"],
          "fullName": "ThemeToggle Accessibility Keyboard navigation should toggle theme when Space is pressed",
          "status": "passed",
          "title": "should toggle theme when Space is pressed",
          "duration": 15.609749999999622,
          "failureMessages": [],
          "meta": {}
        },
        {
          "ancestorTitles": ["ThemeToggle Accessibility", "Keyboard navigation"],
          "fullName": "ThemeToggle Accessibility Keyboard navigation should maintain focus after theme toggle",
          "status": "passed",
          "title": "should maintain focus after theme toggle",
          "duration": 10.275832999999693,
          "failureMessages": [],
          "meta": {}
        },
        {
          "ancestorTitles": ["ThemeToggle Accessibility", "Screen reader support"],
          "fullName": "ThemeToggle Accessibility Screen reader support should announce current action to screen readers",
          "status": "passed",
          "title": "should announce current action to screen readers",
          "duration": 4.926124999999956,
          "failureMessages": [],
          "meta": {}
        },
        {
          "ancestorTitles": ["ThemeToggle Accessibility", "Screen reader support"],
          "fullName": "ThemeToggle Accessibility Screen reader support should provide icon-only button with text alternative",
          "status": "passed",
          "title": "should provide icon-only button with text alternative",
          "duration": 3.376790999998775,
          "failureMessages": [],
          "meta": {}
        },
        {
          "ancestorTitles": ["ThemeToggle Accessibility", "Screen reader support"],
          "fullName": "ThemeToggle Accessibility Screen reader support should communicate state change to screen readers",
          "status": "passed",
          "title": "should communicate state change to screen readers",
          "duration": 7.7572499999987485,
          "failureMessages": [],
          "meta": {}
        },
        {
          "ancestorTitles": ["ThemeToggle Accessibility", "Visual accessibility"],
          "fullName": "ThemeToggle Accessibility Visual accessibility should display appropriate icon for current theme",
          "status": "passed",
          "title": "should display appropriate icon for current theme",
          "duration": 3.34991699999955,
          "failureMessages": [],
          "meta": {}
        },
        {
          "ancestorTitles": ["ThemeToggle Accessibility", "Visual accessibility"],
          "fullName": "ThemeToggle Accessibility Visual accessibility should have visible focus indicator",
          "status": "passed",
          "title": "should have visible focus indicator",
          "duration": 1.3930420000015147,
          "failureMessages": [],
          "meta": {}
        },
        {
          "ancestorTitles": ["ThemeToggle Accessibility", "Visual accessibility"],
          "fullName": "ThemeToggle Accessibility Visual accessibility should have sufficient color contrast",
          "status": "passed",
          "title": "should have sufficient color contrast",
          "duration": 1.777249999999185,
          "failureMessages": [],
          "meta": {}
        },
        {
          "ancestorTitles": ["ThemeToggle Accessibility", "Visual accessibility"],
          "fullName": "ThemeToggle Accessibility Visual accessibility should have minimum touch target size",
          "status": "passed",
          "title": "should have minimum touch target size",
          "duration": 1.459458999999697,
          "failureMessages": [],
          "meta": {}
        },
        {
          "ancestorTitles": ["ThemeToggle Accessibility", "Focus management"],
          "fullName": "ThemeToggle Accessibility Focus management should be included in tab order",
          "status": "passed",
          "title": "should be included in tab order",
          "duration": 2.697958999999173,
          "failureMessages": [],
          "meta": {}
        },
        {
          "ancestorTitles": ["ThemeToggle Accessibility", "Focus management"],
          "fullName": "ThemeToggle Accessibility Focus management should receive focus on click",
          "status": "passed",
          "title": "should receive focus on click",
          "duration": 15.24212500000067,
          "failureMessages": [],
          "meta": {}
        },
        {
          "ancestorTitles": ["ThemeToggle Accessibility", "Focus management"],
          "fullName": "ThemeToggle Accessibility Focus management should not have visual focus on mouse click (focus-visible)",
          "status": "passed",
          "title": "should not have visual focus on mouse click (focus-visible)",
          "duration": 13.891374999999243,
          "failureMessages": [],
          "meta": {}
        },
        {
          "ancestorTitles": ["ThemeToggle Accessibility", "Theme persistence"],
          "fullName": "ThemeToggle Accessibility Theme persistence should apply theme changes to document",
          "status": "passed",
          "title": "should apply theme changes to document",
          "duration": 4.128082999999606,
          "failureMessages": [],
          "meta": {}
        },
        {
          "ancestorTitles": ["ThemeToggle Accessibility", "Theme persistence"],
          "fullName": "ThemeToggle Accessibility Theme persistence should preserve theme preference",
          "status": "passed",
          "title": "should preserve theme preference",
          "duration": 1.4829589999990276,
          "failureMessages": [],
          "meta": {}
        },
        {
          "ancestorTitles": ["ThemeToggle Accessibility", "Interactive states"],
          "fullName": "ThemeToggle Accessibility Interactive states should show hover state with mouse interaction",
          "status": "passed",
          "title": "should show hover state with mouse interaction",
          "duration": 7.59612499999821,
          "failureMessages": [],
          "meta": {}
        },
        {
          "ancestorTitles": ["ThemeToggle Accessibility", "Interactive states"],
          "fullName": "ThemeToggle Accessibility Interactive states should show active state when clicked",
          "status": "passed",
          "title": "should show active state when clicked",
          "duration": 2.8718750000007276,
          "failureMessages": [],
          "meta": {}
        },
        {
          "ancestorTitles": ["ThemeToggle Accessibility", "High contrast mode"],
          "fullName": "ThemeToggle Accessibility High contrast mode should use border for contrast in high contrast mode",
          "status": "passed",
          "title": "should use border for contrast in high contrast mode",
          "duration": 1.4920000000001892,
          "failureMessages": [],
          "meta": {}
        },
        {
          "ancestorTitles": ["ThemeToggle Accessibility", "Reduced motion"],
          "fullName": "ThemeToggle Accessibility Reduced motion should respect prefers-reduced-motion",
          "status": "passed",
          "title": "should respect prefers-reduced-motion",
          "duration": 1.2512910000004922,
          "failureMessages": [],
          "meta": {}
        }
      ],
      "startTime": 1767052881567,
      "endTime": 1767052881786.2512,
      "status": "passed",
      "message": "",
      "name": "/Users/konstantinospilpilidis/fitvibe/tests/frontend/accessibility/ThemeToggle.accessibility.test.tsx"
    },
    {
      "assertionResults": [
        {
          "ancestorTitles": ["bootstrap entrypoint"],
          "fullName": "bootstrap entrypoint redirects unauthenticated users away from private routes",
          "status": "passed",
          "title": "redirects unauthenticated users away from private routes",
          "duration": 28.433082999999897,
          "failureMessages": [],
          "meta": {}
        },
        {
          "ancestorTitles": ["bootstrap entrypoint"],
          "fullName": "bootstrap entrypoint loads the login shell on the static public login route",
          "status": "passed",
          "title": "loads the login shell on the static public login route",
          "duration": 203.20483299999978,
          "failureMessages": [],
          "meta": {}
        },
        {
          "ancestorTitles": ["bootstrap entrypoint"],
          "fullName": "bootstrap entrypoint initializes the SPA and removes the shell when a session is active",
          "status": "passed",
          "title": "initializes the SPA and removes the shell when a session is active",
          "duration": 205.0049169999984,
          "failureMessages": [],
          "meta": {}
        }
      ],
      "startTime": 1767052896291,
      "endTime": 1767052896728.005,
      "status": "passed",
      "message": "",
      "name": "/Users/konstantinospilpilidis/fitvibe/tests/frontend/bootstrap/bootstrap.test.ts"
    },
    {
      "assertionResults": [
        {
          "ancestorTitles": ["AdminRoute"],
          "fullName": "AdminRoute redirects to login when not authenticated",
          "status": "passed",
          "title": "redirects to login when not authenticated",
          "duration": 38.226458000001,
          "failureMessages": [],
          "meta": {}
        },
        {
          "ancestorTitles": ["AdminRoute"],
          "fullName": "AdminRoute shows access denied page when authenticated but not admin",
          "status": "passed",
          "title": "shows access denied page when authenticated but not admin",
          "duration": 22.212749999998778,
          "failureMessages": [],
          "meta": {}
        },
        {
          "ancestorTitles": ["AdminRoute"],
          "fullName": "AdminRoute displays access denied card with security message",
          "status": "passed",
          "title": "displays access denied card with security message",
          "duration": 10.824749999999767,
          "failureMessages": [],
          "meta": {}
        },
        {
          "ancestorTitles": ["AdminRoute"],
          "fullName": "AdminRoute renders admin content when authenticated as admin",
          "status": "passed",
          "title": "renders admin content when authenticated as admin",
          "duration": 4.283124999998108,
          "failureMessages": [],
          "meta": {}
        },
        {
          "ancestorTitles": ["AdminRoute"],
          "fullName": "AdminRoute uses PageIntro component for access denied page",
          "status": "passed",
          "title": "uses PageIntro component for access denied page",
          "duration": 6.546167000000423,
          "failureMessages": [],
          "meta": {}
        }
      ],
      "startTime": 1767052886540,
      "endTime": 1767052886622.5461,
      "status": "passed",
      "message": "",
      "name": "/Users/konstantinospilpilidis/fitvibe/tests/frontend/components/AdminRoute.test.tsx"
    },
    {
      "assertionResults": [
        {
          "ancestorTitles": ["AttemptCounter"],
[...]
          "failureMessages": [],
          "meta": {}
        },
        {
          "ancestorTitles": ["ContentReports"],
          "fullName": "ContentReports should show empty state when no reports",
          "status": "passed",
          "title": "should show empty state when no reports",
          "duration": 9.80554200000006,
          "failureMessages": [],
          "meta": {}
        },
        {
          "ancestorTitles": ["ContentReports"],
          "fullName": "ContentReports should filter reports by status",
          "status": "passed",
          "title": "should filter reports by status",
          "duration": 35.3265420000007,
          "failureMessages": [],
          "meta": {}
        },
        {
          "ancestorTitles": ["ContentReports"],
          "fullName": "ContentReports should show dismiss button for pending reports",
          "status": "passed",
          "title": "should show dismiss button for pending reports",
          "duration": 13.418666000001394,
          "failureMessages": [],
          "meta": {}
        },
        {
          "ancestorTitles": ["ContentReports"],
          "fullName": "ContentReports should show hide and ban buttons for pending reports",
          "status": "passed",
          "title": "should show hide and ban buttons for pending reports",
          "duration": 14.216500000000451,
          "failureMessages": [],
          "meta": {}
        },
        {
          "ancestorTitles": ["ContentReports"],
          "fullName": "ContentReports should open confirmation dialog when dismissing report",
          "status": "passed",
          "title": "should open confirmation dialog when dismissing report",
          "duration": 61.92866700000013,
          "failureMessages": [],
          "meta": {}
        },
        {
          "ancestorTitles": ["ContentReports"],
          "fullName": "ContentReports should dismiss report when confirmed",
          "status": "passed",
          "title": "should dismiss report when confirmed",
          "duration": 56.70479199999863,
          "failureMessages": [],
          "meta": {}
        },
        {
          "ancestorTitles": ["ContentReports"],
          "fullName": "ContentReports should hide content when confirmed",
          "status": "passed",
          "title": "should hide content when confirmed",
          "duration": 26.984707999999955,
          "failureMessages": [],
          "meta": {}
        },
        {
          "ancestorTitles": ["ContentReports"],
          "fullName": "ContentReports should ban user when confirmed",
          "status": "passed",
          "title": "should ban user when confirmed",
          "duration": 23.671666999998706,
          "failureMessages": [],
          "meta": {}
        },
        {
          "ancestorTitles": ["ContentReports"],
          "fullName": "ContentReports should show error when moderation fails",
          "status": "passed",
          "title": "should show error when moderation fails",
          "duration": 92.45333399999981,
          "failureMessages": [],
          "meta": {}
        },
        {
          "ancestorTitles": ["ContentReports"],
          "fullName": "ContentReports should not show action buttons for non-pending reports",
          "status": "passed",
          "title": "should not show action buttons for non-pending reports",
          "duration": 6.102458999999726,
          "failureMessages": [],
          "meta": {}
        },
        {
          "ancestorTitles": ["ContentReports"],
          "fullName": "ContentReports should cancel confirmation dialog",
          "status": "passed",
          "title": "should cancel confirmation dialog",
          "duration": 28.326708000000508,
          "failureMessages": [],
          "meta": {}
        }
      ],
      "startTime": 1767052875560,
      "endTime": 1767052876059.3267,
      "status": "passed",
      "message": "",
      "name": "/Users/konstantinospilpilidis/fitvibe/tests/frontend/pages/admin/ContentReports.test.tsx"
    },
    {
      "assertionResults": [
        {
          "ancestorTitles": ["SystemControls"],
          "fullName": "SystemControls should render system controls page",
          "status": "passed",
          "title": "should render system controls page",
          "duration": 71.00833300000022,
          "failureMessages": [],
          "meta": {}
        },
        {
          "ancestorTitles": ["SystemControls"],
          "fullName": "SystemControls should show loading state",
          "status": "passed",
          "title": "should show loading state",
          "duration": 6.093667000000096,
          "failureMessages": [],
          "meta": {}
        },
        {
          "ancestorTitles": ["SystemControls"],
          "fullName": "SystemControls should display system health status",
          "status": "passed",
          "title": "should display system health status",
          "duration": 17.300624999999854,
          "failureMessages": [],
          "meta": {}
        },
        {
          "ancestorTitles": ["SystemControls"],
          "fullName": "SystemControls should display degraded health status",
          "status": "passed",
          "title": "should display degraded health status",
          "duration": 11.124709000000166,
          "failureMessages": [],
          "meta": {}
        },
        {
          "ancestorTitles": ["SystemControls"],
          "fullName": "SystemControls should format uptime correctly",
          "status": "passed",
          "title": "should format uptime correctly",
          "duration": 10.719707999999628,
          "failureMessages": [],
          "meta": {}
        },
        {
          "ancestorTitles": ["SystemControls"],
          "fullName": "SystemControls should show enable read-only mode button when not in read-only mode",
          "status": "passed",
          "title": "should show enable read-only mode button when not in read-only mode",
          "duration": 38.15049999999974,
          "failureMessages": [],
          "meta": {}
        },
        {
          "ancestorTitles": ["SystemControls"],
          "fullName": "SystemControls should show enable form when enable button is clicked",
          "status": "passed",
          "title": "should show enable form when enable button is clicked",
          "duration": 39.73191700000007,
          "failureMessages": [],
          "meta": {}
        },
        {
          "ancestorTitles": ["SystemControls"],
          "fullName": "SystemControls should enable read-only mode when confirmed",
          "status": "passed",
          "title": "should enable read-only mode when confirmed",
          "duration": 51.64924999999994,
          "failureMessages": [],
          "meta": {}
        },
        {
          "ancestorTitles": ["SystemControls"],
          "fullName": "SystemControls should show error when enabling read-only mode fails",
          "status": "passed",
          "title": "should show error when enabling read-only mode fails",
          "duration": 46.75520800000004,
          "failureMessages": [],
          "meta": {}
        },
        {
          "ancestorTitles": ["SystemControls"],
          "fullName": "SystemControls should show disable button when in read-only mode",
          "status": "passed",
          "title": "should show disable button when in read-only mode",
          "duration": 11.280791000000136,
          "failureMessages": [],
          "meta": {}
        },
        {
          "ancestorTitles": ["SystemControls"],
          "fullName": "SystemControls should disable read-only mode when confirmed",
          "status": "passed",
          "title": "should disable read-only mode when confirmed",
          "duration": 38.76370799999995,
          "failureMessages": [],
          "meta": {}
        },
        {
          "ancestorTitles": ["SystemControls"],
          "fullName": "SystemControls should set up polling interval on mount",
          "status": "passed",
          "title": "should set up polling interval on mount",
          "duration": 22.006500000000415,
          "failureMessages": [],
          "meta": {}
        },
        {
          "ancestorTitles": ["SystemControls"],
          "fullName": "SystemControls should cancel enable read-only mode",
          "status": "passed",
          "title": "should cancel enable read-only mode",
          "duration": 38.93849999999975,
          "failureMessages": [],
          "meta": {}
        },
        {
          "ancestorTitles": ["SystemControls"],
          "fullName": "SystemControls should format uptime with days and hours",
          "status": "passed",
          "title": "should format uptime with days and hours",
          "duration": 7.6174590000000535,
          "failureMessages": [],
          "meta": {}
        },
        {
          "ancestorTitles": ["SystemControls"],
          "fullName": "SystemControls should format uptime with only minutes",
          "status": "passed",
          "title": "should format uptime with only minutes",
          "duration": 6.88025000000016,
          "failureMessages": [],
          "meta": {}
        },
        {
          "ancestorTitles": ["SystemControls"],
          "fullName": "SystemControls should format activity time as just now",
          "status": "passed",
          "title": "should format activity time as just now",
          "duration": 9.287541000000147,
          "failureMessages": [],
          "meta": {}
        },
        {
          "ancestorTitles": ["SystemControls"],
          "fullName": "SystemControls should format activity time as minutes ago",
          "status": "passed",
          "title": "should format activity time as minutes ago",
          "duration": 10.050083000000086,
          "failureMessages": [],
          "meta": {}
        },
        {
          "ancestorTitles": ["SystemControls"],
          "fullName": "SystemControls should format activity time as hours ago",
          "status": "passed",
          "title": "should format activity time as hours ago",
          "duration": 6.704291999999896,
          "failureMessages": [],
          "meta": {}
        },
        {
          "ancestorTitles": ["SystemControls"],
          "fullName": "SystemControls should format activity time as days ago",
          "status": "passed",
          "title": "should format activity time as days ago",
          "duration": 6.203083000000333,
          "failureMessages": [],
          "meta": {}
        },
        {
          "ancestorTitles": ["SystemControls"],
          "fullName": "SystemControls should format activity time as date for older entries",
          "status": "passed",
          "title": "should format activity time as date for older entries",
          "duration": 29.44370899999967,
          "failureMessages": [],
          "meta": {}
        },
        {
          "ancestorTitles": ["SystemControls"],
          "fullName": "SystemControls should handle disable read-only mode with notes",
          "status": "passed",
          "title": "should handle disable read-only mode with notes",
          "duration": 26.923959000000195,
          "failureMessages": [],
          "meta": {}
        },
        {
          "ancestorTitles": ["SystemControls"],
          "fullName": "SystemControls should cancel disable confirmation",
          "status": "passed",
          "title": "should cancel disable confirmation",
          "duration": 21.04141699999991,
          "failureMessages": [],
          "meta": {}
        },
        {
          "ancestorTitles": ["SystemControls"],
          "fullName": "SystemControls should handle error loading system status",
          "status": "passed",
          "title": "should handle error loading system status",
          "duration": 13.201374999999643,
          "failureMessages": [],
          "meta": {}
        },
        {
          "ancestorTitles": ["SystemControls"],
          "fullName": "SystemControls should handle error loading recent activity",
          "status": "passed",
          "title": "should handle error loading recent activity",
          "duration": 9.483208999999988,
          "failureMessages": [],
          "meta": {}
        },
        {
          "ancestorTitles": ["SystemControls"],
          "fullName": "SystemControls should format action names correctly",
          "status": "passed",
          "title": "should format action names correctly",
          "duration": 8.445624999999836,
          "failureMessages": [],
          "meta": {}
        },
        {
          "ancestorTitles": ["SystemControls"],
          "fullName": "SystemControls should display empty activity list",
          "status": "passed",
          "title": "should display empty activity list",
          "duration": 8.201166000000285,
          "failureMessages": [],
          "meta": {}
        },
        {
          "ancestorTitles": ["SystemControls"],
          "fullName": "SystemControls should show error when disabling read-only mode fails",
          "status": "passed",
          "title": "should show error when disabling read-only mode fails",
          "duration": 29.118958999999904,
          "failureMessages": [],
          "meta": {}
        }
      ],
      "startTime": 1767052868521,
      "endTime": 1767052869118.119,
      "status": "passed",
      "message": "",
      "name": "/Users/konstantinospilpilidis/fitvibe/tests/frontend/pages/admin/SystemControls.test.tsx"
    },
    {
      "assertionResults": [],
      "startTime": 1767052866539,
      "endTime": 1767052866539,
      "status": "failed",
      "message": "Failed to resolve import \"../../../src/contexts/ToastContext\" from \"../../tests/frontend/pages/admin/Translations.test.tsx\". Does the file exist?",
      "name": "/Users/konstantinospilpilidis/fitvibe/tests/frontend/pages/admin/Translations.test.tsx"
    },
    {
      "assertionResults": [
        {
          "ancestorTitles": ["UserManagement"],
          "fullName": "UserManagement should render user management page",
          "status": "passed",
          "title": "should render user management page",
          "duration": 42.38404100000025,
          "failureMessages": [],
          "meta": {}
        },
        {
          "ancestorTitles": ["UserManagement"],
          "fullName": "UserManagement should search users when search button is clicked",
          "status": "passed",
          "title": "should search users when search button is clicked",
          "duration": 42.208332999999584,
          "failureMessages": [],
          "meta": {}
        },
        {
          "ancestorTitles": ["UserManagement"],
          "fullName": "UserManagement should search users when Enter key is pressed",
          "status": "passed",
          "title": "should search users when Enter key is pressed",
          "duration": 13.834708000000319,
          "failureMessages": [],
          "meta": {}
        },
        {
          "ancestorTitles": ["UserManagement"],
          "fullName": "UserManagement should not search with empty query",
          "status": "passed",
          "title": "should not search with empty query",
          "duration": 67.92891700000018,
          "failureMessages": [],
          "meta": {}
        },
        {
          "ancestorTitles": ["UserManagement"],
          "fullName": "UserManagement should show loading state while searching",
          "status": "passed",
          "title": "should show loading state while searching",
          "duration": 10.858624999999847,
          "failureMessages": [],
          "meta": {}
        },
        {
          "ancestorTitles": ["UserManagement"],
          "fullName": "UserManagement should show error message when search fails",
          "status": "passed",
          "title": "should show error message when search fails",
          "duration": 8.962999999999738,
          "failureMessages": [],
          "meta": {}
        },
        {
          "ancestorTitles": ["UserManagement"],
          "fullName": "UserManagement should show empty state when no users found",
          "status": "passed",
          "title": "should show empty state when no users found",
          "duration": 12.26470800000061,
          "failureMessages": [],
          "meta": {}
        },
        {
          "ancestorTitles": ["UserManagement"],
          "fullName": "UserManagement should display user information",
          "status": "passed",
          "title": "should display user information",
          "duration": 11.140707999999904,
          "failureMessages": [],
          "meta": {}
        },
        {
          "ancestorTitles": ["UserManagement"],
          "fullName": "UserManagement should show suspend and ban buttons for active users",
          "status": "passed",
          "title": "should show suspend and ban buttons for active users",
          "duration": 22.228624999999738,
          "failureMessages": [],
          "meta": {}
        },
        {
          "ancestorTitles": ["UserManagement"],
          "fullName": "UserManagement should show activate button for non-active users",
          "status": "passed",
          "title": "should show activate button for non-active users",
          "duration": 23.23937500000011,
          "failureMessages": [],
          "meta": {}
        },
        {
          "ancestorTitles": ["UserManagement"],
          "fullName": "UserManagement should open confirmation dialog when suspending user",
          "status": "passed",
          "title": "should open confirmation dialog when suspending user",
          "duration": 24.700584000000163,
          "failureMessages": [],
          "meta": {}
        },
        {
          "ancestorTitles": ["UserManagement"],
          "fullName": "UserManagement should suspend user when confirmed",
          "status": "passed",
          "title": "should suspend user when confirmed",
          "duration": 35.15254100000038,
          "failureMessages": [],
          "meta": {}
        },
        {
          "ancestorTitles": ["UserManagement"],
          "fullName": "UserManagement should ban user when confirmed",
          "status": "passed",
          "title": "should ban user when confirmed",
          "duration": 28.55999999999949,
          "failureMessages": [],
          "meta": {}
        },
        {
          "ancestorTitles": ["UserManagement"],
          "fullName": "UserManagement should activate user when confirmed",
          "status": "passed",
          "title": "should activate user when confirmed",
          "duration": 29.742209000000003,
          "failureMessages": [],
          "meta": {}
        },
        {
          "ancestorTitles": ["UserManagement"],
          "fullName": "UserManagement should delete user when confirmed",
          "status": "passed",
          "title": "should delete user when confirmed",
          "duration": 24.99383299999954,
          "failureMessages": [],
          "meta": {}
        },
        {
          "ancestorTitles": ["UserManagement"],
          "fullName": "UserManagement should show error when user action fails",
          "status": "passed",
          "title": "should show error when user action fails",
          "duration": 28.480999999999767,
          "failureMessages": [],
          "meta": {}
        },
        {
          "ancestorTitles": ["UserManagement"],
          "fullName": "UserManagement should cancel confirmation dialog",
          "status": "passed",
          "title": "should cancel confirmation dialog",
          "duration": 21.69275000000016,
          "failureMessages": [],
          "meta": {}
        }
      ],
      "startTime": 1767052872145,
      "endTime": 1767052872593.6929,
      "status": "passed",
      "message": "",
      "name": "/Users/konstantinospilpilidis/fitvibe/tests/frontend/pages/admin/UserManagement.test.tsx"
    }
  ]
}
